
==============================================
START : FUNC_BUILD_KERNEL
==============================================

build common config=exynos8895-dream2lte_eur_open_defconfig 
build model config=dream2lte 
rm files in : /home/geiti94/android/kernel/s8/arch/arm64/boot/dts/*.dtb
rm: cannot remove '/home/geiti94/android/kernel/s8/arch/arm64/boot/dts/*.dtb': No such file or directory
rm: cannot remove '/home/geiti94/android/kernel/s8/arch/arm64/boot/boot.img-dtb': No such file or directory
rm: cannot remove '/home/geiti94/android/kernel/s8/arch/arm64/boot/boot.img-zImage': No such file or directory
boolean symbol SND_SOC_MAX98506 tested for 'm'? test forced to 'n'
#
# configuration written to .config
#
scripts/kconfig/conf  --silentoldconfig Kconfig
boolean symbol SND_SOC_MAX98506 tested for 'm'? test forced to 'n'
INFO: CC is /home/geiti94/android/toolchain/gcc-linaro-6.3.1/bin/aarch64-linux-gnu-gcc
  CHK     include/config/kernel.release
  CHK     include/generated/uapi/linux/version.h
  CHK     include/generated/utsrelease.h
  CHK     include/generated/timeconst.h
  CHK     include/generated/bounds.h
  CHK     include/generated/asm-offsets.h
  CALL    scripts/checksyscalls.sh
  CHK     include/generated/compile.h
  GEN     security/selinux/flask.h security/selinux/av_permissions.h
  CC      security/selinux/avc.o
  CC      security/selinux/hooks.o
  CC      security/selinux/selinuxfs.o
  CC      security/selinux/netlink.o
  CC      security/selinux/nlmsgtab.o
  CC      security/selinux/netif.o
  CC      security/selinux/netnode.o
  CC      security/selinux/netport.o
  CC      security/selinux/exports.o
  CC      security/selinux/ss/ebitmap.o
  CC      security/selinux/ss/hashtab.o
  CC      security/selinux/ss/symtab.o
  CC      security/selinux/ss/sidtab.o
  CC      security/selinux/ss/avtab.o
  CC      security/selinux/ss/policydb.o
  CC      security/selinux/ss/services.o
  CC      security/selinux/ss/conditional.o
  CC      security/selinux/ss/mls.o
  CC      security/selinux/ss/status.o
  LD      security/selinux/selinux.o
  LD      security/selinux/built-in.o
  LD      security/built-in.o
drivers/net/wireless/bcmdhd4361/Makefile:290: Not found Android version file. Set None
  LINK    vmlinux
  LD      vmlinux.o
  MODPOST vmlinux.o
  GEN     .version
  CHK     include/generated/compile.h
  UPD     include/generated/compile.h
  CC      init/version.o
  LD      init/built-in.o
  KSYM    .tmp_kallsyms1.o
  KSYM    .tmp_kallsyms2.o
  LD      vmlinux
  SORTEX  vmlinux
  SYSMAP  System.map
  FIPS with KALSR : Generating hmac of crypto and fmp, then update vmlinux... 
./scripts/fips_crypto_utils.c: In function ‘main’:
./scripts/fips_crypto_utils.c:28:7: warning: implicit declaration of function ‘strcmp’ [-Wimplicit-function-declaration]
  if (!strcmp ("-u", argv[1]))
       ^~~~~~
./scripts/fips_crypto_utils.c:52:10: warning: implicit declaration of function ‘update_crypto_hmac’ [-Wimplicit-function-declaration]
   return update_crypto_hmac (vmlinux_file, hmac_file, offset);
          ^~~~~~~~~~~~~~~~~~
./scripts/fips_crypto_utils.c:82:10: warning: implicit declaration of function ‘collect_crypto_bytes’ [-Wimplicit-function-declaration]
   return collect_crypto_bytes (in_file, section_name, offset, size, out_file);
          ^~~~~~~~~~~~~~~~~~~~
>>>>> Time used for generated all hashes is 4 sec
  OBJCOPY arch/arm64/boot/Image
  GZIP    arch/arm64/boot/Image.gz
Processing dts files...
=> Processing: exynos8895-dream2lte_eur_open_01.dts
=> Generating: exynos8895-dream2lte_eur_open_01.dtb
=> Processing: exynos8895-dream2lte_eur_open_02.dts
=> Generating: exynos8895-dream2lte_eur_open_02.dtb
=> Processing: exynos8895-dream2lte_eur_open_03.dts
=> Generating: exynos8895-dream2lte_eur_open_03.dtb
=> Processing: exynos8895-dream2lte_eur_open_04.dts
=> Generating: exynos8895-dream2lte_eur_open_04.dtb
=> Processing: exynos8895-dream2lte_eur_open_05.dts
=> Generating: exynos8895-dream2lte_eur_open_05.dtb
=> Processing: exynos8895-dream2lte_eur_open_06.dts
=> Generating: exynos8895-dream2lte_eur_open_06.dtb
=> Processing: exynos8895-dream2lte_eur_open_07.dts
=> Generating: exynos8895-dream2lte_eur_open_07.dtb
=> Processing: exynos8895-dream2lte_eur_open_08.dts
=> Generating: exynos8895-dream2lte_eur_open_08.dtb
=> Processing: exynos8895-dream2lte_eur_open_09.dts
=> Generating: exynos8895-dream2lte_eur_open_09.dtb
=> Processing: exynos8895-dream2lte_eur_open_10.dts
=> Generating: exynos8895-dream2lte_eur_open_10.dtb
Generating dtb.img...
=> Found compatible entry: samsung, DREAM2LTE EUR rev00
    (chip: 8895, hw_rev: 1, hw_rev_end: 1)
=> Found compatible entry: samsung, DREAM2LTE EUR rev00A
    (chip: 8895, hw_rev: 2, hw_rev_end: 2)
=> Found compatible entry: samsung, DREAM2LTE EUR rev01
    (chip: 8895, hw_rev: 3, hw_rev_end: 3)
=> Found compatible entry: samsung, DREAM2LTE EUR rev02
    (chip: 8895, hw_rev: 4, hw_rev_end: 4)
=> Found compatible entry: samsung, DREAM2LTE EUR rev02
    (chip: 8895, hw_rev: 5, hw_rev_end: 5)
=> Found compatible entry: samsung, SM-G955F rev00
    (chip: 8895, hw_rev: 6, hw_rev_end: 6)
=> Found compatible entry: samsung, SM-G955F rev01
    (chip: 8895, hw_rev: 7, hw_rev_end: 7)
=> Found compatible entry: samsung, SM-G955F rev02
    (chip: 8895, hw_rev: 8, hw_rev_end: 8)
=> Found compatible entry: samsung, SM-G955F rev03/rev04
    (chip: 8895, hw_rev: 9, hw_rev_end: 9)
=> Found compatible entry: samsung, SM-G955F rev05
    (chip: 8895, hw_rev: 10, hw_rev_end: 255)
Done.

=================================
END   : FUNC_BUILD_KERNEL
=================================

[3J[H[2J 
Android Image Kitchen - RepackImg Script
by osm0sis @ xda-developers
 
Warning: Overwriting existing files!
 
Packing ramdisk...
 
Using compression: gzip
 
Getting build information...
kernel = boot.img-zImage
cmdline = 
board = SRPPH16A001KU
base = 10000000
pagesize = 2048
kernel_offset = 00008000
ramdisk_offset = 01000000
second_offset = 00f00000
tags_offset = 00000100
os_version = 7.0.0
os_patch_level = 2017-04
hash = sha1
dtb = boot.img-dtb
 
Building image...
 
Using format: AOSP
 
Appending footer...
 
Using type: SEAndroid
 
Done!
Total compile time was 25 seconds
